<?xml version="1.0" encoding="UTF-8"?>
<!-- Generated by org.testng.reporters.JUnitXMLReporter -->
<testsuite ignored="0" hostname="vinoth" failures="0" tests="4" name="Test" time="24.279" errors="0" timestamp="2023-06-28T19:49:44 IST">
  <testcase classname="testNG_Practice.ParameterizationExample" name="printName" time="0.008"/>
  <testcase classname="testNG_Practice.ParallelTesting" name="openAmazon" time="7.589"/>
  <testcase classname="testNG_Practice.ParallelTesting" name="openFlipkart" time="7.994"/>
  <testcase classname="testNG_Practice.ParallelTesting" name="openYoutube" time="8.648"/>
</testsuite> <!-- Test -->
