<?xml version="1.0" encoding="UTF-8"?>
<!-- Generated by org.testng.reporters.JUnitXMLReporter -->
<testsuite ignored="0" hostname="vinoth" failures="0" tests="13" name="Test Cases" time="6.057" errors="0" timestamp="2023-06-26T17:03:53 IST">
  <testcase classname="testNG_Practice.DependenciesManagement" name="login" time="0.011"/>
  <testcase classname="testNG_Practice.DependenciesManagement" name="dashboard" time="0.004"/>
  <testcase classname="testNG_Practice.DependenciesManagement" name="addToCart" time="0.003"/>
  <testcase classname="testNG_Practice.DependenciesManagement" name="profile" time="0.003"/>
  <testcase classname="testNG_Practice.DependenciesManagement" name="logout" time="0.004"/>
  <testcase classname="testNG_Practice.SuiteExample" name="open_Youtube" time="4.258"/>
  <testcase classname="testNG_Practice.SuiteExample" name="open_Hotstar" time="0.368"/>
  <testcase classname="testNG_Practice.SuiteExample" name="open_Google" time="1.26"/>
  <testcase classname="testNG_Practice.PrioritAndSkip" name="startACar" time="0.003"/>
  <testcase classname="testNG_Practice.PrioritAndSkip" name="putFirstGear" time="0.001"/>
  <testcase classname="testNG_Practice.PrioritAndSkip" name="putSecondGear" time="0.001"/>
  <testcase classname="testNG_Practice.PrioritAndSkip" name="putThirdGear" time="0.001"/>
  <testcase classname="testNG_Practice.PrioritAndSkip" name="putFourthGear" time="0.001"/>
</testsuite> <!-- Test Cases -->
